[    0.000000] Linux version 4.15.0-212-generic (buildd@lcy02-amd64-083) (gcc version 7.5.0 (Ubuntu 7.5.0-3ubuntu1~18.04)) #223-Ubuntu SMP Tue May 23 13:09:22 UTC 2023 (Ubuntu 4.15.0-212.223-generic 4.15.18)
[    0.000000] Command line: BOOT_IMAGE=/boot/vmlinuz-4.15.0-212-generic root=LABEL=cloudimg-rootfs ro console=tty1 console=ttyS0
[    0.000000] KERNEL supported cpus:
[    0.000000]   Intel GenuineIntel
[    0.000000]   AMD AuthenticAMD
[    0.000000]   Centaur CentaurHauls
[    0.000000] [Firmware Bug]: TSC doesn't count with P0 frequency!
[    0.000000] x86/fpu: x87 FPU will use FXSAVE
[    0.000000] e820: BIOS-provided physical RAM map:
[    0.000000] BIOS-e820: [mem 0x0000000000000000-0x000000000009fbff] usable
[    0.000000] BIOS-e820: [mem 0x000000000009fc00-0x000000000009ffff] reserved
[    0.000000] BIOS-e820: [mem 0x00000000000f0000-0x00000000000fffff] reserved
[    0.000000] BIOS-e820: [mem 0x0000000000100000-0x000000000ffeffff] usable
[    0.000000] BIOS-e820: [mem 0x000000000fff0000-0x000000000fffffff] ACPI data
[    0.000000] BIOS-e820: [mem 0x00000000fec00000-0x00000000fec00fff] reserved
[    0.000000] BIOS-e820: [mem 0x00000000fee00000-0x00000000fee00fff] reserved
[    0.000000] BIOS-e820: [mem 0x00000000fffc0000-0x00000000ffffffff] reserved
[    0.000000] NX (Execute Disable) protection: active
[    0.000000] SMBIOS 2.5 present.
[    0.000000] DMI: innotek GmbH VirtualBox/VirtualBox, BIOS VirtualBox 12/01/2006
[    0.000000] Hypervisor detected: KVM
[    0.000000] e820: last_pfn = 0xfff0 max_arch_pfn = 0x400000000
[    0.000000] MTRR: Disabled
[    0.000000] x86/PAT: MTRRs disabled, skipping PAT initialization too.
[    0.000000] CPU MTRRs all blank - virtualized system.
[    0.000000] x86/PAT: Configuration [0-7]: WB  WT  UC- UC  WB  WT  UC- UC  
[    0.000000] found SMP MP-table at [mem 0x0009fff0-0x0009ffff]
[    0.000000] Scanning 1 areas for low memory corruption
[    0.000000] RAMDISK: [mem 0x0db01000-0x0ee12fff]
[    0.000000] ACPI: Early table checksum verification disabled
[    0.000000] ACPI: RSDP 0x00000000000E0000 000024 (v02 VBOX  )
[    0.000000] ACPI: XSDT 0x000000000FFF0030 00003C (v01 VBOX   VBOXXSDT 00000001 ASL  00000061)
[    0.000000] ACPI: FACP 0x000000000FFF00F0 0000F4 (v04 VBOX   VBOXFACP 00000001 ASL  00000061)
[    0.000000] ACPI: DSDT 0x000000000FFF0610 002353 (v02 VBOX   VBOXBIOS 00000002 INTL 20100528)
[    0.000000] ACPI: FACS 0x000000000FFF0200 000040
[    0.000000] ACPI: FACS 0x000000000FFF0200 000040
[    0.000000] ACPI: APIC 0x000000000FFF0240 000054 (v02 VBOX   VBOXAPIC 00000001 ASL  00000061)
[    0.000000] ACPI: SSDT 0x000000000FFF02A0 00036C (v01 VBOX   VBOXCPUT 00000002 INTL 20100528)
[    0.000000] ACPI: Reserving FACP table memory at [mem 0xfff00f0-0xfff01e3]
[    0.000000] ACPI: Reserving DSDT table memory at [mem 0xfff0610-0xfff2962]
[    0.000000] ACPI: Reserving FACS table memory at [mem 0xfff0200-0xfff023f]
[    0.000000] ACPI: Reserving FACS table memory at [mem 0xfff0200-0xfff023f]
[    0.000000] ACPI: Reserving APIC table memory at [mem 0xfff0240-0xfff0293]
[    0.000000] ACPI: Reserving SSDT table memory at [mem 0xfff02a0-0xfff060b]
[    0.000000] No NUMA configuration found
[    0.000000] Faking a node at [mem 0x0000000000000000-0x000000000ffeffff]
[    0.000000] NODE_DATA(0) allocated [mem 0x0ffc5000-0x0ffeffff]
[    0.000000] kvm-clock: cpu 0, msr 0:ff44001, primary cpu clock
[    0.000000] kvm-clock: Using msrs 4b564d01 and 4b564d00
[    0.000000] kvm-clock: using sched offset of 4644934356 cycles
[    0.000000] clocksource: kvm-clock: mask: 0xffffffffffffffff max_cycles: 0x1cd42e4dffb, max_idle_ns: 881590591483 ns
[    0.000000] Zone ranges:
[    0.000000]   DMA      [mem 0x0000000000001000-0x0000000000ffffff]
[    0.000000]   DMA32    [mem 0x0000000001000000-0x000000000ffeffff]
[    0.000000]   Normal   empty
[    0.000000]   Device   empty
[    0.000000] Movable zone start for each node
[    0.000000] Early memory node ranges
[    0.000000]   node   0: [mem 0x0000000000001000-0x000000000009efff]
[    0.000000]   node   0: [mem 0x0000000000100000-0x000000000ffeffff]
[    0.000000] Reserved but unavailable: 104 pages
[    0.000000] Initmem setup node 0 [mem 0x0000000000001000-0x000000000ffeffff]
[    0.000000] ACPI: PM-Timer IO Port: 0x4008
[    0.000000] IOAPIC[0]: apic_id 1, version 32, address 0xfec00000, GSI 0-23
[    0.000000] ACPI: INT_SRC_OVR (bus 0 bus_irq 0 global_irq 2 dfl dfl)
[    0.000000] ACPI: INT_SRC_OVR (bus 0 bus_irq 9 global_irq 9 low level)
[    0.000000] Using ACPI (MADT) for SMP configuration information
[    0.000000] smpboot: Allowing 1 CPUs, 0 hotplug CPUs
[    0.000000] PM: Registered nosave memory: [mem 0x00000000-0x00000fff]
[    0.000000] PM: Registered nosave memory: [mem 0x0009f000-0x0009ffff]
[    0.000000] PM: Registered nosave memory: [mem 0x000a0000-0x000effff]
[    0.000000] PM: Registered nosave memory: [mem 0x000f0000-0x000fffff]
[    0.000000] e820: [mem 0x10000000-0xfebfffff] available for PCI devices
[    0.000000] Booting paravirtualized kernel on KVM
[    0.000000] clocksource: refined-jiffies: mask: 0xffffffff max_cycles: 0xffffffff, max_idle_ns: 7645519600211568 ns
[    0.000000] setup_percpu: NR_CPUS:8192 nr_cpumask_bits:1 nr_cpu_ids:1 nr_node_ids:1
[    0.000000] percpu: Embedded 50 pages/cpu s167936 r8192 d28672 u2097152
[    0.000000] PV qspinlock hash table entries: 256 (order: 0, 4096 bytes)
[    0.000000] Built 1 zonelists, mobility grouping on.  Total pages: 64377
[    0.000000] Policy zone: DMA32
[    0.000000] Kernel command line: BOOT_IMAGE=/boot/vmlinuz-4.15.0-212-generic root=LABEL=cloudimg-rootfs ro console=tty1 console=ttyS0
[    0.000000] Memory: 208700K/261688K available (12300K kernel code, 2477K rwdata, 4324K rodata, 2480K init, 2720K bss, 52988K reserved, 0K cma-reserved)
[    0.000000] SLUB: HWalign=64, Order=0-3, MinObjects=0, CPUs=1, Nodes=1
[    0.000000] ftrace: allocating 39508 entries in 155 pages
[    0.004000] Hierarchical RCU implementation.
[    0.004000] 	RCU restricting CPUs from NR_CPUS=8192 to nr_cpu_ids=1.
[    0.004000] 	Tasks RCU enabled.
[    0.004000] RCU: Adjusting geometry for rcu_fanout_leaf=16, nr_cpu_ids=1
[    0.004000] NR_IRQS: 524544, nr_irqs: 256, preallocated irqs: 16
[    0.004000] random: crng init done
[    0.004000] Console: colour VGA+ 80x25
[    0.004000] console [tty1] enabled
[    0.004000] console [ttyS0] enabled
[    0.004000] ACPI: Core revision 20170831
[    0.004000] ACPI: 2 ACPI AML tables successfully acquired and loaded
[    0.004000] APIC: Switch to symmetric I/O mode setup
[    0.008000] ..TIMER: vector=0x30 apic1=0 pin1=2 apic2=-1 pin2=-1
[    0.008007] tsc: Detected 3193.912 MHz processor
[    0.012010] Calibrating delay loop (skipped) preset value.. 6387.82 BogoMIPS (lpj=12775648)
[    0.016008] pid_max: default: 32768 minimum: 301
[    0.020040] Security Framework initialized
[    0.024006] Yama: becoming mindful.
[    0.028032] AppArmor: AppArmor initialized
[    0.032055] Dentry cache hash table entries: 32768 (order: 6, 262144 bytes)
[    0.036023] Inode-cache hash table entries: 16384 (order: 5, 131072 bytes)
[    0.040037] Mount-cache hash table entries: 512 (order: 0, 4096 bytes)
[    0.044011] Mountpoint-cache hash table entries: 512 (order: 0, 4096 bytes)
[    0.053415] CPU0: Hyper-Threading is disabled
[    0.056089] Last level iTLB entries: 4KB 512, 2MB 512, 4MB 256
[    0.060006] Last level dTLB entries: 4KB 2048, 2MB 2048, 4MB 1024, 1GB 0
[    0.064005] Spectre V1 : Mitigation: usercopy/swapgs barriers and __user pointer sanitization
[    0.068006] Spectre V2 : Mitigation: Retpolines
[    0.072003] Spectre V2 : Spectre v2 / SpectreRSB mitigation: Filling RSB on context switch
[    0.076005] Spectre V2 : Spectre v2 / SpectreRSB : Filling RSB on VMEXIT
[    0.088000] Freeing SMP alternatives memory: 36K
[    0.196581] smpboot: CPU0: AMD Ryzen 7 5800H with Radeon Graphics (family: 0x19, model: 0x50, stepping: 0x0)
[    0.200086] Performance Events: PMU not available due to virtualization, using software events only.
[    0.204097] Hierarchical SRCU implementation.
[    0.208791] NMI watchdog: Perf event create on CPU 0 failed with -2
[    0.212004] NMI watchdog: Perf NMI watchdog permanently disabled
[    0.216204] smp: Bringing up secondary CPUs ...
[    0.220005] smp: Brought up 1 node, 1 CPU
[    0.224005] smpboot: Max logical packages: 1
[    0.228010] smpboot: Total of 1 processors activated (6387.82 BogoMIPS)
[    0.232201] devtmpfs: initialized
[    0.236065] x86/mm: Memory block size: 128MB
[    0.240160] evm: security.selinux
[    0.244006] evm: security.SMACK64
[    0.248003] evm: security.SMACK64EXEC
[    0.252003] evm: security.SMACK64TRANSMUTE
[    0.256003] evm: security.SMACK64MMAP
[    0.260003] evm: security.apparmor
[    0.264003] evm: security.ima
[    0.268004] evm: security.capability
[    0.272141] clocksource: jiffies: mask: 0xffffffff max_cycles: 0xffffffff, max_idle_ns: 7645041785100000 ns
[    0.276140] futex hash table entries: 256 (order: 2, 16384 bytes)
[    0.280065] pinctrl core: initialized pinctrl subsystem
[    0.288426] RTC time:  7:06:28, date: 08/12/24
[    0.292281] NET: Registered protocol family 16
[    0.296078] audit: initializing netlink subsys (disabled)
[    0.300136] cpuidle: using governor ladder
[    0.304008] audit: type=2000 audit(1723446393.324:1): state=initialized audit_enabled=0 res=1
[    0.308011] cpuidle: using governor menu
[    0.317890] ACPI: bus type PCI registered
[    0.320004] acpiphp: ACPI Hot Plug PCI Controller Driver version: 0.5
[    0.324423] PCI: Using configuration type 1 for base access
[    0.328003] PCI: Using configuration type 1 for extended access
[    0.333184] HugeTLB registered 2.00 MiB page size, pre-allocated 0 pages
[    0.336187] ACPI: Added _OSI(Module Device)
[    0.340012] ACPI: Added _OSI(Processor Device)
[    0.344006] ACPI: Added _OSI(3.0 _SCP Extensions)
[    0.348008] ACPI: Added _OSI(Processor Aggregator Device)
[    0.352018] ACPI: Added _OSI(Linux-Dell-Video)
[    0.356029] ACPI: Added _OSI(Linux-Lenovo-NV-HDMI-Audio)
[    0.360004] ACPI: Added _OSI(Linux-HPI-Hybrid-Graphics)
[    0.369291] ACPI: Executed 1 blocks of module-level executable AML code
[    0.380528] ACPI: Interpreter enabled
[    0.384027] ACPI: (supports S0 S5)
[    0.388006] ACPI: Using IOAPIC for interrupt routing
[    0.396258] PCI: Using host bridge windows from ACPI; if necessary, use "pci=nocrs" and report a bug
[    0.400373] ACPI: Enabled 2 GPEs in block 00 to 07
[    0.418637] ACPI: PCI Root Bridge [PCI0] (domain 0000 [bus 00-ff])
[    0.420011] acpi PNP0A03:00: _OSC: OS supports [ExtendedConfig ASPM ClockPM Segments MSI]
[    0.429262] acpi PNP0A03:00: _OSC: platform does not support [PCIeCapability]
[    0.436330] acpi PNP0A03:00: _OSC: not requesting control; platform does not support [PCIeCapability]
[    0.440006] acpi PNP0A03:00: _OSC: OS requested [PCIeHotplug PME AER PCIeCapability]
[    0.444007] acpi PNP0A03:00: _OSC: platform willing to grant [PCIeHotplug PME AER]
[    0.448009] acpi PNP0A03:00: _OSC failed (AE_SUPPORT); disabling ASPM
[    0.456846] PCI host bridge to bus 0000:00
[    0.460006] pci_bus 0000:00: root bus resource [io  0x0000-0x0cf7 window]
[    0.464007] pci_bus 0000:00: root bus resource [io  0x0d00-0xffff window]
[    0.468007] pci_bus 0000:00: root bus resource [mem 0x000a0000-0x000bffff window]
[    0.472006] pci_bus 0000:00: root bus resource [mem 0x10000000-0xfdffffff window]
[    0.476006] pci_bus 0000:00: root bus resource [bus 00-ff]
[    0.492824] pci 0000:00:01.1: legacy IDE quirk: reg 0x10: [io  0x01f0-0x01f7]
[    0.496008] pci 0000:00:01.1: legacy IDE quirk: reg 0x14: [io  0x03f6]
[    0.500009] pci 0000:00:01.1: legacy IDE quirk: reg 0x18: [io  0x0170-0x0177]
[    0.504006] pci 0000:00:01.1: legacy IDE quirk: reg 0x1c: [io  0x0376]
[    0.541965] pci 0000:00:07.0: quirk: [io  0x4000-0x403f] claimed by PIIX4 ACPI
[    0.544066] pci 0000:00:07.0: quirk: [io  0x4100-0x410f] claimed by PIIX4 SMB
[    0.570267] ACPI: PCI Interrupt Link [LNKA] (IRQs 5 9 10 *11)
[    0.572820] ACPI: PCI Interrupt Link [LNKB] (IRQs 5 9 *10 11)
[    0.576445] ACPI: PCI Interrupt Link [LNKC] (IRQs 5 *9 10 11)
[    0.580301] ACPI: PCI Interrupt Link [LNKD] (IRQs 5 9 10 *11)
[    0.584593] SCSI subsystem initialized
[    0.588139] pci 0000:00:02.0: vgaarb: setting as boot VGA device
[    0.592000] pci 0000:00:02.0: vgaarb: VGA device added: decodes=io+mem,owns=io+mem,locks=none
[    0.592010] pci 0000:00:02.0: vgaarb: bridge control possible
[    0.596004] vgaarb: loaded
[    0.600046] ACPI: bus type USB registered
[    0.604032] usbcore: registered new interface driver usbfs
[    0.608034] usbcore: registered new interface driver hub
[    0.612022] usbcore: registered new device driver usb
[    0.616100] EDAC MC: Ver: 3.0.0
[    0.621382] PCI: Using ACPI for IRQ routing
[    0.629184] NetLabel: Initializing
[    0.632006] NetLabel:  domain hash size = 128
[    0.640006] NetLabel:  protocols = UNLABELED CIPSOv4 CALIPSO
[    0.644043] NetLabel:  unlabeled traffic allowed by default
[    0.648174] clocksource: Switched to clocksource kvm-clock
[    0.707003] VFS: Disk quotas dquot_6.6.0
[    0.712732] VFS: Dquot-cache hash table entries: 512 (order 0, 4096 bytes)
[    0.722836] AppArmor: AppArmor Filesystem Enabled
[    0.729448] pnp: PnP ACPI init
[    0.737051] pnp: PnP ACPI: found 3 devices
[    0.751206] clocksource: acpi_pm: mask: 0xffffff max_cycles: 0xffffff, max_idle_ns: 2085701024 ns
[    0.764712] NET: Registered protocol family 2
[    0.771471] IP idents hash table entries: 4096 (order: 3, 32768 bytes)
[    0.781295] TCP established hash table entries: 2048 (order: 2, 16384 bytes)
[    0.792031] TCP bind hash table entries: 2048 (order: 3, 32768 bytes)
[    0.801802] TCP: Hash tables configured (established 2048 bind 2048)
[    0.812385] UDP hash table entries: 256 (order: 1, 8192 bytes)
[    0.820647] UDP-Lite hash table entries: 256 (order: 1, 8192 bytes)
[    0.830305] NET: Registered protocol family 1
[    0.836991] pci 0000:00:00.0: Limiting direct PCI/PCI transfers
[    0.845288] pci 0000:00:01.0: Activating ISA DMA hang workarounds
[    0.854468] pci 0000:00:02.0: Video device with shadowed ROM at [mem 0x000c0000-0x000dffff]
[    0.866417] Unpacking initramfs...
[    1.750710] Freeing initrd memory: 19528K
[    1.756909] clocksource: tsc: mask: 0xffffffffffffffff max_cycles: 0x2e09d287fb1, max_idle_ns: 440795225910 ns
[    1.772200] platform rtc_cmos: registered platform RTC device (no PNP device found)
[    1.783530] Scanning for low memory corruption every 60 seconds
[    1.794242] Initialise system trusted keyrings
[    1.801402] Key type blacklist registered
[    1.808574] workingset: timestamp_bits=36 max_order=16 bucket_order=0
[    1.823777] zbud: loaded
[    1.832382] squashfs: version 4.0 (2009/01/31) Phillip Lougher
[    1.842866] fuse init (API version 7.26)
[    1.852763] Key type asymmetric registered
[    1.859554] Asymmetric key parser 'x509' registered
[    1.866592] Block layer SCSI generic (bsg) driver version 0.4 loaded (major 246)
[    1.876560] io scheduler noop registered
[    1.881670] io scheduler deadline registered
[    1.887962] io scheduler cfq registered (default)
[    1.895269] ACPI: AC Adapter [AC] (on-line)
[    1.901059] input: Power Button as /devices/LNXSYSTM:00/LNXPWRBN:00/input/input0
[    1.911360] ACPI: Power Button [PWRF]
[    1.917282] input: Sleep Button as /devices/LNXSYSTM:00/LNXSLPBN:00/input/input1
[    1.927268] ACPI: Sleep Button [SLPF]
[    1.935653] ACPI: Battery Slot [BAT0] (battery present)
[    1.943216] Serial: 8250/16550 driver, 32 ports, IRQ sharing enabled
[    1.989875] 00:02: ttyS0 at I/O 0x3f8 (irq = 4, base_baud = 115200) is a 16550A
[    2.004046] Linux agpgart interface v0.103
[    2.019331] loop: module loaded
[    2.026316] scsi host0: ata_piix
[    2.032407] scsi host1: ata_piix
[    2.038059] ata1: PATA max UDMA/33 cmd 0x1f0 ctl 0x3f6 bmdma 0xd000 irq 14
[    2.047246] ata2: PATA max UDMA/33 cmd 0x170 ctl 0x376 bmdma 0xd008 irq 15
[    2.060203] tun: Universal TUN/TAP device driver, 1.6
[    2.067431] PPP generic driver version 2.4.2
[    2.074055] ehci_hcd: USB 2.0 'Enhanced' Host Controller (EHCI) Driver
[    2.083463] ehci-pci: EHCI PCI platform driver
[    2.090309] ehci-platform: EHCI generic platform driver
[    2.097858] ohci_hcd: USB 1.1 'Open' Host Controller (OHCI) Driver
[    2.108530] ohci-pci: OHCI PCI platform driver
[    2.115018] ohci-platform: OHCI generic platform driver
[    2.123195] uhci_hcd: USB Universal Host Controller Interface driver
[    2.132079] i8042: PNP: PS/2 Controller [PNP0303:PS2K,PNP0f03:PS2M] at 0x60,0x64 irq 1,12
[    2.151127] serio: i8042 KBD port at 0x60,0x64 irq 1
[    2.158815] serio: i8042 AUX port at 0x60,0x64 irq 12
[    2.166477] mousedev: PS/2 mouse device common for all mice
[    2.176691] input: AT Translated Set 2 keyboard as /devices/platform/i8042/serio0/input/input2
[    2.191777] rtc_cmos rtc_cmos: rtc core: registered rtc_cmos as rtc0
[    2.201529] rtc_cmos rtc_cmos: alarms up to one day, 114 bytes nvram
[    2.211680] i2c /dev entries driver
[    2.297996] device-mapper: uevent: version 1.0.3
[    2.305035] device-mapper: ioctl: 4.37.0-ioctl (2017-09-20) initialised: dm-devel@redhat.com
[    2.317341] ledtrig-cpu: registered to indicate activity on CPUs
[    2.327412] NET: Registered protocol family 10
[    2.339409] Segment Routing with IPv6
[    2.345274] NET: Registered protocol family 17
[    2.352149] Key type dns_resolver registered
[    2.358692] mce: Using 0 MCE banks
[    2.364066] RAS: Correctable Errors collector initialized.
[    2.372526] sched_clock: Marking stable (2372424941, 0)->(3763641500, -1391216559)
[    2.383463] registered taskstats version 1
[    2.389517] Loading compiled-in X.509 certificates
[    2.400086] Loaded X.509 cert 'Build time autogenerated kernel key: b5b26778eaa3ab3a4a6cee031137706e947d12ad'
[    2.415432] Loaded X.509 cert 'Canonical Ltd. Live Patch Signing: 14df34d1a87cf37625abec039ef2bf521249b969'
[    2.430747] Loaded X.509 cert 'Canonical Ltd. Kernel Module Signing: 88f752e560a1e0737e31163a466ad7b70a850c19'
[    2.444037] blacklist: Loading compiled-in revocation X.509 certificates
[    2.453389] Loaded X.509 cert 'Canonical Ltd. Secure Boot Signing: 61482aa2830d0ab2ad5af10b7250da9033ddcef0'
[    2.467522] Loaded X.509 cert 'Canonical Ltd. Secure Boot Signing (2017): 242ade75ac4a15e50d50c84b0d45ff3eae707a03'
[    2.482621] Loaded X.509 cert 'Canonical Ltd. Secure Boot Signing (ESM 2018): 365188c1d374d6b07c3c8f240f8ef722433d6a8b'
[    2.498104] Loaded X.509 cert 'Canonical Ltd. Secure Boot Signing (2019): c0746fd6c5da3ae827864651ad66ae47fe24b3e8'
[    2.512900] Loaded X.509 cert 'Canonical Ltd. Secure Boot Signing (2021 v1): a8d54bbb3825cfb94fa13c9f8a594a195c107b8d'
[    2.528409] Loaded X.509 cert 'Canonical Ltd. Secure Boot Signing (2021 v2): 4cf046892d6fd3c9a5b03f98d845f90851dc6a8c'
[    2.544007] Loaded X.509 cert 'Canonical Ltd. Secure Boot Signing (2021 v3): 100437bb6de6e469b581e61cd66bce3ef4ed53af'
[    2.559219] Loaded X.509 cert 'Canonical Ltd. Secure Boot Signing (Ubuntu Core 2019): c1d57b8f6b743f23ee41f4f7ee292f06eecadfb9'
[    2.575420] zswap: loaded using pool lzo/zbud
[    2.587569] Key type big_key registered
[    2.593726] Key type trusted registered
[    2.602022] Key type encrypted registered
[    2.608053] AppArmor: AppArmor sha1 policy hashing enabled
[    2.616173] ima: No TPM chip found, activating TPM-bypass! (rc=-19)
[    2.626213] ima: Allocated hash algorithm: sha1
[    2.634661] evm: HMAC attrs: 0x1
[    2.641320]   Magic number: 4:718:116
[    2.647400] rtc_cmos rtc_cmos: setting system clock to 2024-08-12 07:06:30 UTC (1723446390)
[    2.659415] BIOS EDD facility v0.16 2004-Jun-25, 0 devices found
[    2.668171] EDD information not available.
[    2.678278] Freeing unused kernel image memory: 2480K
[    2.692917] Write protecting the kernel read-only data: 20480k
[    2.702020] Freeing unused kernel image memory: 2008K
[    2.709806] Freeing unused kernel image memory: 1820K
[    2.723005] x86/mm: Checked W+X mappings: passed, no W+X pages found.
Loading, please wait...
starting version 237
[    2.896440] e1000: Intel(R) PRO/1000 Network Driver - version 7.3.21-k8-NAPI
[    2.906800] e1000: Copyright (c) 1999-2006 Intel Corporation.
[    2.918912] Fusion MPT base driver 3.04.20
[    2.925228] Copyright (c) 1999-2008 LSI Corporation
[    2.958855] SSE version of gcm_enc/dec engaged.
[    3.020175] Fusion MPT SPI Host driver 3.04.20
[    3.248831] input: ImExPS/2 Generic Explorer Mouse as /devices/platform/i8042/serio1/input/input4
[    4.024620] e1000 0000:00:03.0 eth0: (PCI:33MHz:32-bit) 02:3b:7b:b7:3b:2d
[    4.034078] e1000 0000:00:03.0 eth0: Intel(R) PRO/1000 Network Connection
[    4.047112] mptbase: ioc0: Initiating bringup
[    4.167651] ioc0: LSI53C1030 A0: Capabilities={Initiator}
[    4.432627] scsi host2: ioc0: LSI53C1030 A0, FwRev=00000000h, Ports=1, MaxQ=256, IRQ=20
[    4.614278] scsi 2:0:0:0: Direct-Access     VBOX     HARDDISK         1.0  PQ: 0 ANSI: 5
[    4.628658] scsi target2:0:0: Beginning Domain Validation
[    4.644382] scsi target2:0:0: Domain Validation skipping write tests
[    4.653533] scsi target2:0:0: Ending Domain Validation
[    4.661578] scsi target2:0:0: asynchronous
[    4.673617] scsi 2:0:1:0: Direct-Access     VBOX     HARDDISK         1.0  PQ: 0 ANSI: 5
[    4.696761] scsi target2:0:1: Beginning Domain Validation
[    4.768739] scsi target2:0:1: Domain Validation skipping write tests
[    4.778166] scsi target2:0:1: Ending Domain Validation
[    4.798777] scsi target2:0:1: asynchronous
[    4.907591] sd 2:0:0:0: [sda] 83886080 512-byte logical blocks: (42.9 GB/40.0 GiB)
[    4.920039] sd 2:0:0:0: Attached scsi generic sg0 type 0
[    4.942684] sd 2:0:1:0: [sdb] 20480 512-byte logical blocks: (10.5 MB/10.0 MiB)
[    4.954574] sd 2:0:1:0: Attached scsi generic sg1 type 0
[    4.962537] sd 2:0:0:0: [sda] Write Protect is off
[    4.982162] sd 2:0:0:0: [sda] Incomplete mode parameter data
[    4.991100] sd 2:0:0:0: [sda] Assuming drive cache: write through
[    5.000380] sd 2:0:1:0: [sdb] Write Protect is off
[    5.020029] sd 2:0:1:0: [sdb] Incomplete mode parameter data
[    5.030399] sd 2:0:1:0: [sdb] Assuming drive cache: write through
[    5.069959]  sda: sda1
[    5.079191] sd 2:0:1:0: [sdb] Attached SCSI disk
[    5.102465] sd 2:0:0:0: [sda] Attached SCSI disk
[    5.758138] e1000 0000:00:08.0 eth1: (PCI:33MHz:32-bit) 08:00:27:6c:a4:44
[    5.767996] e1000 0000:00:08.0 eth1: Intel(R) PRO/1000 Network Connection
[    5.778701] e1000 0000:00:08.0 enp0s8: renamed from eth1
[    5.802841] e1000 0000:00:03.0 enp0s3: renamed from eth0
Begin: Loading essential drivers ... [    8.028809] raid6: sse2x1   gen()  5076 MB/s
[    8.092137] raid6: sse2x1   xor()  3200 MB/s
[    8.144440] raid6: sse2x2   gen()  6039 MB/s
[    8.216308] raid6: sse2x2   xor()  6779 MB/s
[    8.280319] raid6: sse2x4   gen()  9748 MB/s
[    8.352086] raid6: sse2x4   xor()  4806 MB/s
[    8.360073] raid6: using algorithm sse2x4 gen() 9748 MB/s
[    8.370348] raid6: .... xor() 4806 MB/s, rmw enabled
[    8.379948] raid6: using ssse3x2 recovery algorithm
[    8.393880] xor: measuring software checksum speed
[    8.508510]    prefetch64-sse: 29045.000 MB/sec
[    8.624172]    generic_sse: 27744.000 MB/sec
[    8.630533] xor: using function: prefetch64-sse (29045.000 MB/sec)
[    8.640670] async_tx: api initialized (async)
done.
Begin: Running /scripts/init-premount ... done.
Begin: Mounting root file system ... Begin: Running /scripts/local-top ... done.
Begin: Running /scripts/local-premount ... [    8.746207] Btrfs loaded, crc32c=crc32c-intel
Scanning for Btrfs filesystems
done.
Warning: fsck not present, so skipping root file system
[    8.834414] EXT4-fs (sda1): mounted filesystem with ordered data mode. Opts: (null)
done.
Begin: Running /scripts/local-bottom ... done.
Begin: Running /scripts/init-bottom ... done.
[    9.169617] ip_tables: (C) 2000-2006 Netfilter Core Team
[    9.204826] systemd[1]: systemd 237 running in system mode. (+PAM +AUDIT +SELINUX +IMA +APPARMOR +SMACK +SYSVINIT +UTMP +LIBCRYPTSETUP +GCRYPT +GNUTLS +ACL +XZ +LZ4 +SECCOMP +BLKID +ELFUTILS +KMOD -IDN2 +IDN -PCRE2 default-hierarchy=hybrid)
[    9.233293] systemd[1]: Detected virtualization oracle.
[    9.241161] systemd[1]: Detected architecture x86-64.

Welcome to [1mUbuntu 18.04.6 LTS[0m!

[    9.259560] systemd[1]: Set hostname to <ubuntu>.
[    9.276770] systemd[1]: Initializing machine ID from random generator.
[    9.286758] systemd[1]: Installed transient /etc/machine-id file.
[    9.779927] systemd[1]: Reached target System Time Synchronized.
[[0;32m  OK  [0m] Reached target System Time Synchronized.
[    9.798093] systemd[1]: Created slice System Slice.
[[0;32m  OK  [0m] Created slice System Slice.
[    9.813825] systemd[1]: Created slice system-serial\x2dgetty.slice.
[[0;32m  OK  [0m] Created slice system-serial\x2dgetty.slice.
[    9.831027] systemd[1]: Listening on udev Kernel Socket.
[[0;32m  OK  [0m] Listening on udev Kernel Socket.
[[0;32m  OK  [0m] Listening on Device-mapper event daemon FIFOs.
[[0;32m  OK  [0m] Set up automount Arbitrary Executab…rmats File System Automount Point.
[[0;32m  OK  [0m] Listening on LVM2 metadata daemon socket.
[[0;32m  OK  [0m] Listening on Journal Socket.
         Mounting Huge Pages File System...
         Starting Set the console keyboard layout...
[[0;32m  OK  [0m] Listening on Journal Audit Socket.
[[0;32m  OK  [0m] Reached target User and Group Name Lookups.
[[0;32m  OK  [0m] Listening on /dev/initctl Compatibility Named Pipe.
[[0;32m  OK  [0m] Reached target Mounting snaps.
[[0;32m  OK  [0m] Listening on udev Control Socket.
         Mounting POSIX Message Queue File System...
         Mounting Kernel Debug File System...
[[0;32m  OK  [0m] Listening on Network Service Netlink Socket.
[[0;32m  OK  [0m] Listening on LVM2 poll daemon socket.
         Starting Uncomplicated firewall...
[[0;32m  OK  [0m] Listening on Journal Socket (/dev/log).
[[0;32m  OK  [0m] Reached target Mounted snaps.
[[0;32m  OK  [0m] Listening on Syslog Socket.
         Starting Journal Service...
[[0;32m  OK  [0m] Started Forward Password Requests to Wall Directory Watch.
[[0;32m  OK  [0m] Created slice User and Session Slice.
[[0;32m  OK  [0m] Reached target Slices.
         Starting Load Kernel Modules...
[[0;32m  OK  [0m] Reached target Swap.
         Starting Monitoring of LVM2 mirrors…ng dmeventd or progress polling...
[[0;32m  OK  [0m] Listening on fsck to fsckd communication Socket.
         Starting udev Coldplug all Devices...
         Starting File System Check on Root Device...
         Starting Create list of required st…ce nodes for the current kernel...
[[   10.269020] Loading iSCSI transport class v2.0-870.
[0;32m  OK  [0m] Started Journal Service.
[[0;32m  OK  [0m] Mounted Huge Pages File System.
[[0;32m  OK  [0m] Mounted POSIX Message Queue File System.
[[0;32m  OK  [0m] Mounted Kernel Debug File System.
[[0;32m  OK  [0m] Started Uncomplicated firewall.
[[0;32m  OK  [0m] Started Create list of required sta…vice nodes for the current kernel.
[[0;32m  OK  [0m] Started File System Check Daemon to report status.
[[0;32m  OK  [0m] Started LVM2 metadata daemon.
[   10.433351] iscsi: registered transport (tcp)
         Starting Create Static Device Nodes in /dev...
[[0;32m  OK  [0m] Started File System Check on Root Device.
         Starting Remount Root and Kernel File Systems...
[[0;32m  OK  [0m] Started udev Coldplug all Devices.
[[0;32m  OK  [0m] Started Create Static Device Nodes in /dev.
[   10.700660] EXT4-fs (sda1): re-mounted. Opts: (null)
[[0;32m  OK  [0m] Started Monitoring of LVM2 mirrors,…sing dmeventd or progress polling.
[[0;32m  OK  [0m] Started Remount Root and Kernel File Systems.
         Starting Flush Journal to Persistent Storage...
         Starting Load/Save Random Seed...
         Starting udev Kernel Device Manager...
[[0;32m  OK  [0m] Started Load/Save Random Seed.
[   10.863303] systemd-journald[428]: Received request to flush runtime journal from PID 1
[   10.900379] iscsi: registered transport (iser)
[[0;32m  OK  [0m] Started Load Kernel Modules.
         Mounting Kernel Configuration File System...
         Starting Apply Kernel Variables...
         Mounting FUSE Control File System...
[[0;32m  OK  [0m] Started udev Kernel Device Manager.
[[0;32m  OK  [0m] Mounted Kernel Configuration File System.
[[0;32m  OK  [0m] Mounted FUSE Control File System.
[[0;32m  OK  [0m] Started Apply Kernel Variables.
[[0;32m  OK  [0m] Started Flush Journal to Persistent Storage.
[[0;32m  OK  [0m] Found device /dev/ttyS0.
[[0;32m  OK  [0m] Listening on Load/Save RF Kill Switch Status /dev/rfkill Watch.
[[0;32m  OK  [0m] Started Set the console keyboard layout.
[[0;32m  OK  [0m] Reached target Local File Systems (Pre).
[[0;32m  OK  [0m] Reached target Local File Systems.
         Starting AppArmor initialization...
         Starting ebtables ruleset management...
         Starting Create Volatile Files and Directories...
         Starting Tell Plymouth To Write Out Runtime Data...
         Starting Commit a transient machine-id on disk...
         Starting Set console font and keymap...
[[0;32m  OK  [0m] Started Dispatch Password Requests to Console Directory Watch.
[[0;32m  OK  [0m] Reached target Local Encrypted Volumes.
[[0;32m  OK  [0m] Started Tell Plymouth To Write Out Runtime Data.
[[0;32m  OK  [0m] Started Commit a transient machine-id on disk.
[[0;32m  OK  [0m] Started Create Volatile Files and Directories.
         Starting Update UTMP about System Boot/Shutdown...
[[0;32m  OK  [0m] Started Update UTMP about System Boot/Shutdown.
[[0;32m  OK  [0m] Started ebtables ruleset management.
         Mounting Arbitrary Executable File Formats File System...
[[0;32m  OK  [0m] Mounted Arbitrary Executable File Formats File System.
[[0;32m  OK  [0m] Started AppArmor initialization.
         Starting Initial cloud-init job (pre-networking)...
         Starting Load AppArmor profiles managed internally by snapd...
[[0;32m  OK  [0m] Started Load AppArmor profiles managed internally by snapd.
[[0;32m  OK  [0m] Started Set console font and keymap.
[   17.683933] cloud-init[758]: Cloud-init v. 23.1.2-0ubuntu0~18.04.1 running 'init-local' at Mon, 12 Aug 2024 07:06:45 +0000. Up 17.23 seconds.
[[0;32m  OK  [0m] Started Initial cloud-init job (pre-networking).
[[0;32m  OK  [0m] Reached target Network (Pre).
         Starting Network Service...
[[0;32m  OK  [0m] Started Network Service.
         Starting Network Name Resolution...
         Starting Wait for Network to be Configured...
[[0;32m  OK  [0m] Started Network Name Resolution.
[[0;32m  OK  [0m] Reached target Host and Network Name Lookups.
[[0;32m  OK  [0m] Reached target Network.
[[0;32m  OK  [0m] Started Wait for Network to be Configured.
         Starting Initial cloud-init job (metadata service crawler)...
[   19.914794] cloud-init[900]: Cloud-init v. 23.1.2-0ubuntu0~18.04.1 running 'init' at Mon, 12 Aug 2024 07:06:47 +0000. Up 19.71 seconds.
[   19.938147] cloud-init[900]: ci-info: ++++++++++++++++++++++++++++++++++++++Net device info+++++++++++++++++++++++++++++++++++++++
[   19.961243] cloud-init[900]: ci-info: +--------+-------+----------------------------+---------------+--------+-------------------+
[   19.981481] cloud-init[900]: ci-info: | Device |   Up  |          Address           |      Mask     | Scope  |     Hw-Address    |
[   19.999580] cloud-init[900]: ci-info: +--------+-------+----------------------------+---------------+--------+-------------------+
[   20.032461] cloud-init[900]: ci-info: | enp0s3 |  True |         10.0.2.15          | 255.255.255.0 | global | 02:3b:7b:b7:3b:2d |
[   20.049725] cloud-init[900]: ci-info: | enp0s3 |  True | fe80::3b:7bff:feb7:3b2d/64 |       .       |  link  | 02:3b:7b:b7:3b:2d |
[   20.072759] cloud-init[900]: ci-info: | enp0s8 | False |             .              |       .       |   .    | 08:00:27:6c:a4:44 |
[   20.084789] cloud-init[900]: ci-info: |   lo   |  True |         127.0.0.1          |   255.0.0.0   |  host  |         .         |
[   20.103745] cloud-init[900]: ci-info: |   lo   |  True |          ::1/128           |       .       |  host  |         .         |
[   20.124719] cloud-init[900]: ci-info: +--------+-------+----------------------------+---------------+--------+-------------------+
[   20.138456] cloud-init[900]: ci-info: ++++++++++++++++++++++++++++Route IPv4 info+++++++++++++++++++++++++++++
[   20.149980] cloud-init[900]: ci-info: +-------+-------------+----------+-----------------+-----------+-------+
[   20.166214] cloud-init[900]: ci-info: | Route | Destination | Gateway  |     Genmask     | Interface | Flags |
[   20.182711] cloud-init[900]: ci-info: +-------+-------------+----------+-----------------+-----------+-------+
[   20.198840] cloud-init[900]: ci-info: |   0   |   0.0.0.0   | 10.0.2.2 |     0.0.0.0     |   enp0s3  |   UG  |
[   20.217736] cloud-init[900]: ci-info: |   1   |   10.0.2.0  | 0.0.0.0  |  255.255.255.0  |   enp0s3  |   U   |
[   20.237765] cloud-init[900]: ci-info: |   2   |   10.0.2.2  | 0.0.0.0  | 255.255.255.255 |   enp0s3  |   UH  |
[   20.257158] cloud-init[900]: ci-info: +-------+-------------+----------+-----------------+-----------+-------+
[   20.298023] cloud-init[900]: ci-info: +++++++++++++++++++Route IPv6 info+++++++++++++++++++
[   20.308176] cloud-init[900]: ci-info: +-------+-------------+---------+-----------+-------+
[   20.326366] cloud-init[900]: ci-info: | Route | Destination | Gateway | Interface | Flags |
[   20.345561] cloud-init[900]: ci-info: +-------+-------------+---------+-----------+-------+
[   20.364986] cloud-init[900]: ci-info: |   1   |  fe80::/64  |    ::   |   enp0s3  |   U   |
[   20.382398] cloud-init[900]: ci-info: |   3   |    local    |    ::   |   enp0s3  |   U   |
[   20.408028] cloud-init[900]: ci-info: |   4   |   ff00::/8  |    ::   |   enp0s3  |   U   |
[   20.447459] cloud-init[900]: ci-info: +-------+-------------+---------+-----------+-------+
[   21.482476] cloud-init[900]: Generating public/private rsa key pair.
[   21.504733] cloud-init[900]: Your identification has been saved in /etc/ssh/ssh_host_rsa_key.
[   21.521828] cloud-init[900]: Your public key has been saved in /etc/ssh/ssh_host_rsa_key.pub.
[   21.548897] cloud-init[900]: The key fingerprint is:
[   21.554930] cloud-init[900]: SHA256:f6nmntomDzGUu+bufGqgYe9PM2yL4ZPTQgXzpjEP91I root@ubuntu-bionic
[   21.584747] cloud-init[900]: The key's randomart image is:
[   21.591368] cloud-init[900]: +---[RSA 2048]----+
[   21.603234] cloud-init[900]: |                 |
[   21.613309] cloud-init[900]: |      o  .       |
[[0;32m  OK  [0m[   21.624747] cloud-init[900]: |       +o        |] Started Initial cloud-init job (metadata service crawler).
[[0;32m  OK  [0m] Reached target System Initialization.
[   21.646091] cloud-init
[[0;32m  OK  [0m] [900]: |      +.=.E      |Listening on D-Bus System Message Bus Socket.

[   21.662987] cloud-init[900]: [[0;32m  OK  [0m] Started ACPI Events Check.|       XSo       |
[   21.675616] 
[[0;32m  OK  [0mcloud-init[900]: |    o +.o=.  .   |
] Reached target Paths.
[   21.688548] cloud-init[900]: |   . =.+X.. o    |
         Starting LXD - unix socket.
[[   21.709625] cloud-init[0;32m  OK  [0m] Started Message of the Day.
[900]: |    ..*O+*++     |
[[0;32m  OK  [0m] [   21.729238] cloud-init[900]: Listening on UUID daemon activation socket.
|     .+OX@B      |
[   21.739420] [[0;32m  OK  [0m] cloud-init[900]: +----[SHA256]-----+Started Daily apt download activities.

[   21.754171] cloud-init[[0;32m  OK  [0m] Started Daily apt upgrade and clean activities.[900]: Generating public/private dsa key pair.
[   21.766986] 
[[0;32m  OK  [0m] cloud-init[900]: Your identification has been saved in /etc/ssh/ssh_host_dsa_key.Listening on ACPID Listen Socket.

[   21.781846] cloud-init[900]: [[0;32m  OK  [0m] Started Daily Cleanup of Temporary Directories.
[Your public key has been saved in /etc/ssh/ssh_host_dsa_key.pub.
[0;32m  OK  [0m] Listening on cloud-init hotplug hook socket.[   21.801683] cloud-init[900]: The key fingerprint is:
[   21.808093] 
[[0;32m  OK  [0m] Started Ubuntu Advantage Timer for running repeated jobs.cloud-init[900]: SHA256:3AiPr7/pcj75W6OtZYLrCYYZMywWLQj6ew4TGxtUOQ0 root@ubuntu-bionic
         Starting Socket activation for snappy daemon.
[   21.831221] cloud-init[900]: The key's randomart image is:
[[0;32m  OK  [0m] Started Discard unused blocks once a week.

[   21.849958] cloud-init[[0;32m  OK  [0m] Reached target Timers.[900]: +---[DSA 1024]----+

[[0;32m  OK  [0m[   21.869114] cloud-init[900]: ] Listening on Open-iSCSI iscsid Socket.
|.   E+           |
[   21.879601] [[0;32m  OK  [0m] Reached target Network is Online.cloud-init[900]: |o. oo .          |
[   21.891851] 
cloud-init         [900]: |o + ...          |Starting Availability of block devices...
[
[   21.905816] cloud-init[900]: [0;32m  OK  [0m] Reached target Remote File Systems (Pre).
[[0;32m  OK  [0m| o +   = o       |
] Reached target Remote File Systems.
[   21.933447] cloud-init[900]: [[0;32m  OK  [0m] Reached target Cloud-config availability.
[[0;32m  OK  [0m|  B = . S .      |
[   21.951309] ] Listening on LXD - unix socket.
cloud-init[900]: [[0;32m  OK  [0m] Listening on Socket activation for snappy daemon.| . O * . .       |
[   21.969579] cloud-init[900]: 
|  * + o o.. =    |
[[0;32m  OK  [0m] [   21.980599] cloud-init[900]: |   = ..o++ B .   |Started Availability of block devices.
[[0;32m  OK  [0m] 
Reached target Sockets.
[[0;32m  OK  [0m[   22.005140] cloud-init[900]: ] Reached target Basic System.
|    . .BX+=o.    |
         Starting Permit User Sessions...[   22.029629] cloud-init[900]: 
[[0;32m  OK  [0m] Started Deferred execution scheduler.+----[SHA256]-----+

[   22.061579] cloud-init         Starting Dispatcher daemon for systemd-networkd...[900]: Generating public/private ecdsa key pair.
         Starting Virtualbox guest utils...

[[0;32m  OK  [0m] Started D-Bus System Message Bus.
[   22.120268] cloud-init[900]: Your identification has been saved in /etc/ssh/ssh_host_ecdsa_key.
[   22.155801] [[0;32m  OK  [0m] Reached target Login Prompts (Pre).
cloud-init[[0;32m  OK  [0m] Started irqbalance daemon.
         Starting LSB: Record successful boot for GRUB...
         Starting Accounts Service...
         [900]: Starting LSB: automatic crash report generation...
Your public key has been saved in /etc/ssh/ssh_host_ecdsa_key.pub.[[0;32m  OK  [0m] Started Regular background program processing daemon.

[   22.270240] cloud-init[900]: The key fingerprint is:
[   22.292918] cloud-init[900]:          Starting Snap Daemon...SHA256:OTKsPx4+9Ur1GbYwCC7PdBi6xZMseSMIXiiqVd11kYY root@ubuntu-bionic
         Starting System Logging Service...
         Starting Login Service...

[   22.367443] cloud-init         Starting Pollinate to seed the pseudo random number generator...[900]: 
[[0;32m  OK  [0mThe key's randomart image is:
] Started FUSE filesystem for LXC.
         Starting LXD - container startup/shutdown...
[[0;32m  OK  [0m] Started Permit User Sessions.
[   22.456429] cloud-init[900]: +---[ECDSA 256]---+
[   22.527147] cloud-init[900]: |          ..oo   |
[   22.555200] cloud-init[900]: |  .  . . .E.o    |
[[0;32m  OK  [0m] Started System Logging Service.
[   22.593383]          Starting Authorization Manager...
         Starting Terminate Plymouth Boot Screen...cloud-init[900]: |o. .. + .  .     |

         Starting Hold until boot process finishes up...
[[0;32m  OK  [0m] Started Terminate Plymouth Boot Screen.
[[0;32m  OK  [0m] Started Hold until boot process finishes up.
[[0;32m  OK  [0m] Started LSB: automatic crash report generation.
[[0;32m  OK  [0m] Started Login Service.
[[0;32m  OK  [0m] Started Unattended Upgrades Shutdown.
         Starting Set console scheme...
[[   22.755743] [0;32m  OK  [0m] cloud-initStarted Serial Getty on ttyS0.
[900]: |+..o B = o       |
[   22.799103] [[0;32m  OK  [0m] Started Authorization Manager.
[[0;32m  OK  [0m] Started Accounts Service.
[[0;32m  OK  [0m] cloud-initStarted LSB: Record successful boot for GRUB.[900]: 
|..o * / S + o    |
[   22.881782] cloud-init[900]: |..   % *.o = +   |[[0;32m  OK  [0m] Started Set console scheme.
[[0;32m  OK  [0m] Created slice system-getty.slice.

[[0;32m  OK  [0m] Started Getty on tty1.
[[0;32m  OK  [0m] Reached target Login Prompts.[   22.997134] 
cloud-init[900]: |.   o +...  +    |
[   23.053331] cloud-init[900]: |     ooo  .      |
[   23.100725] cloud-init[900]: |     .+o..       |
[   23.140586] cloud-init[900]: +----[SHA256]-----+
[   23.189687] cloud-init[900]: Generating public/private ed25519 key pair.
[   23.244788] cloud-init[900]: Your identification has been saved in /etc/ssh/ssh_host_ed25519_key.
[   23.277235] cloud-init[900]: Your public key has been saved in /etc/ssh/ssh_host_ed25519_key.pub.
[   23.329212] cloud-init[900]: The key fingerprint is:
[   23.353885] cloud-init[900]: SHA256:kXLU9mgepvhpIkBRIQ30E1R0SkTyRE+vScqCife+e9s root@ubuntu-bionic
[   23.403200] cloud-init[900]: The key's randomart image is:
[   23.426729] cloud-init[900]: +--[ED25519 256]--+
[   23.452830] cloud-init[900]: | .+=*BO +.       |
[   23.479837] cloud-init[900]: |  .o.* * oo      |
[   23.503385] cloud-init[900]: |   .o + *..o     |
[   23.530440] cloud-init[900]: | ..o o = += .    |
[   23.561835] cloud-init[900]: |..+ . o.S= .     |
[   23.591066] cloud-init[900]: | ... .. . .      |
[   23.619064] cloud-init[900]: |   ..  . .       |
[   23.645871] [[0;32m  OK  [0m] Started LXD - container startup/shutdown.
cloud-init[900]: |   .. o.+        |
[   23.696544] cloud-init[900]: |    +=.+E        |
[   23.713556] cloud-init[900]: +----[SHA256]-----+
[[0;32m  OK  [0m] Started Dispatcher daemon for systemd-networkd.
[[0;32m  OK  [0m] Started Virtualbox guest utils.
[[0;32m  OK  [0m] Started Snap Daemon.
         Starting Wait until snapd is fully seeded...
         Starting Time & Date Service...
[[0;32m  OK  [0m] Started Time & Date Service.
[[0;32m  OK  [0m] Started Pollinate to seed the pseudo random number generator.
         Starting OpenBSD Secure Shell server...
[[0;32m  OK  [0m] Started OpenBSD Secure Shell server.
[[0;32m  OK  [0m] Created slice User Slice of vagrant.
[[0;32m  OK  [0m] Started Session 1 of user vagrant.
         Starting User Manager for UID 1000...
[[0;32m  OK  [0m] Started User Manager for UID 1000.

Ubuntu 18.04.6 LTS ubuntu-bionic ttyS0

ubuntu-bionic login: [   33.695774] cloud-init[1438]: Cloud-init v. 23.1.2-0ubuntu0~18.04.1 running 'modules:config' at Mon, 12 Aug 2024 07:07:00 +0000. Up 32.79 seconds.
ci-info: no authorized SSH keys fingerprints found for user ubuntu.
<14>Aug 12 07:07:04 cloud-init: #############################################################
<14>Aug 12 07:07:04 cloud-init: -----BEGIN SSH HOST KEY FINGERPRINTS-----
<14>Aug 12 07:07:04 cloud-init: 1024 SHA256:3AiPr7/pcj75W6OtZYLrCYYZMywWLQj6ew4TGxtUOQ0 root@ubuntu-bionic (DSA)
<14>Aug 12 07:07:04 cloud-init: 256 SHA256:OTKsPx4+9Ur1GbYwCC7PdBi6xZMseSMIXiiqVd11kYY root@ubuntu-bionic (ECDSA)
<14>Aug 12 07:07:04 cloud-init: 256 SHA256:kXLU9mgepvhpIkBRIQ30E1R0SkTyRE+vScqCife+e9s root@ubuntu-bionic (ED25519)
<14>Aug 12 07:07:04 cloud-init: 2048 SHA256:f6nmntomDzGUu+bufGqgYe9PM2yL4ZPTQgXzpjEP91I root@ubuntu-bionic (RSA)
<14>Aug 12 07:07:04 cloud-init: -----END SSH HOST KEY FINGERPRINTS-----
<14>Aug 12 07:07:04 cloud-init: #############################################################
-----BEGIN SSH HOST KEY KEYS-----
ecdsa-sha2-nistp256 AAAAE2VjZHNhLXNoYTItbmlzdHAyNTYAAAAIbmlzdHAyNTYAAABBBICuZbOfJgoWKqa5sachennvYoEddvj5abZM8q1YuW23msQAPfjBFNvV0+BMtqCD5QXFdpDFaXap0FG4a9r4wSo= root@ubuntu-bionic
ssh-ed25519 AAAAC3NzaC1lZDI1NTE5AAAAII0EJKt8VjlCtCc0qCU0+hRAWn51mFjaXs5g6uP/33b/ root@ubuntu-bionic
ssh-rsa AAAAB3NzaC1yc2EAAAADAQABAAABAQCzRgVfLyr5G2llOOk4aA6L+hlAjIOWICSN8vYKwjiHBWKbqd5xtiYjKLMJme6Rt0G8X+UGLmKDv02avJmFY0kSjmMTblutfs5q7l5yl3PJAmKF3tGZDwsWNWWtSYmvQgCHNuHeHtKOSv28F0wkh0PTNkI1nctPTJd3hKYLHMAUehQgrLe+BW2LEgvy5ME5Q8x8qm30HwULKmj2M8oUF4EwHXIiZW4rEpvvOgmMRzIN92wANLVowoJwb/E1jPzQLl/hx0JXlD90WvI9KoiLBubIYP0ntVI51yLRBpYhczdPReMUfy7pXL3HR3/mYgVIyCTtzP7/hyVMdTArjRGP5Wx9 root@ubuntu-bionic
-----END SSH HOST KEY KEYS-----
[   36.441593] cloud-init[1541]: Cloud-init v. 23.1.2-0ubuntu0~18.04.1 running 'modules:final' at Mon, 12 Aug 2024 07:07:03 +0000. Up 35.87 seconds.
[   36.482267] cloud-init[1541]: Cloud-init v. 23.1.2-0ubuntu0~18.04.1 finished at Mon, 12 Aug 2024 07:07:04 +0000. Datasource DataSourceNoCloud [seed=/dev/sdb][dsmode=net].  Up 36.41 seconds
